2021-03-02 17:34:23,094 import_showers[INFO] Start parsing the data from file data/Magnitude-2020.csv.
2021-03-02 17:34:23,164 import_showers[ERROR] 287436: The observation has an incorrect time period (2020-01-26 02:30:00 - 2020-01-25 23:48:00).
2021-03-02 17:34:23,740 import_showers[ERROR] 296582: The time period of observation is too long (2020-08-11 21:45:00 - 2020-08-12 21:25:00).
2021-03-02 17:34:24,251 import_showers[INFO] Parsing of file data/Magnitude-2020.csv has finished.
2021-03-02 17:34:24,252 import_showers[INFO] Start parsing the data from file data/Rate-2020.csv.
2021-03-02 17:34:24,506 import_showers[ERROR] 969952: The time period of observation is too long (2020-06-21 23:00:00 - 2020-06-22 23:45:00).
2021-03-02 17:34:24,506 import_showers[ERROR] 969953: The time period of observation is too long (2020-06-21 23:00:00 - 2020-06-22 23:45:00).
2021-03-02 17:34:24,506 import_showers[ERROR] 969954: The time period of observation is too long (2020-06-21 23:00:00 - 2020-06-22 23:45:00).
2021-03-02 17:34:24,506 import_showers[ERROR] 969955: The time period of observation is too long (2020-06-21 23:00:00 - 2020-06-22 23:45:00).
2021-03-02 17:34:24,506 import_showers[ERROR] 969956: The observation has an incorrect time period (2020-06-22 23:45:00 - 2020-06-22 00:15:00).
2021-03-02 17:34:24,506 import_showers[ERROR] 969957: The observation has an incorrect time period (2020-06-22 23:45:00 - 2020-06-22 00:15:00).
2021-03-02 17:34:24,506 import_showers[ERROR] 969958: The observation has an incorrect time period (2020-06-22 23:45:00 - 2020-06-22 00:15:00).
2021-03-02 17:34:24,507 import_showers[ERROR] 969959: The observation has an incorrect time period (2020-06-22 23:45:00 - 2020-06-22 00:15:00).
2021-03-02 17:34:25,305 import_showers[INFO] Parsing of file data/Rate-2020.csv has finished.
2021-03-02 17:34:25,305 import_showers[INFO] Start parsing the data from file data/Session-2020.csv.
2021-03-02 17:34:25,325 import_showers[INFO] Parsing of file data/Session-2020.csv has finished.
2021-03-02 17:34:25,329 import_showers[INFO] Parsing of the files has finished. 34405 of 39583 records were imported.
2021-03-02 17:38:20,433 import_showers[INFO] Start parsing the data from file uhu.log.
2021-03-02 17:38:20,435 import_showers[CRITICAL] File uhu.log is an unknown CSV file.
2021-03-02 17:38:20,435 import_showers[INFO] Parsing of the files has finished. 0 of 0 records were imported.
2021-03-02 19:16:18,482 import_showers[INFO] Start parsing the data from file data/Magnitude-2020.csv.
2021-03-02 19:16:18,536 import_showers[ERROR] 287436: The observation has an incorrect time period (2020-01-26 02:30:00 - 2020-01-25 23:48:00).
2021-03-02 19:16:19,114 import_showers[ERROR] 296582: The time period of observation is too long (2020-08-11 21:45:00 - 2020-08-12 21:25:00).
2021-03-02 19:16:19,630 import_showers[INFO] Parsing of file data/Magnitude-2020.csv has finished.
2021-03-02 19:16:19,630 import_showers[INFO] Start parsing the data from file data/Rate-2020.csv.
2021-03-02 19:16:19,842 import_showers[ERROR] 969952: The time period of observation is too long (2020-06-21 23:00:00 - 2020-06-22 23:45:00).
2021-03-02 19:16:19,843 import_showers[ERROR] 969953: The time period of observation is too long (2020-06-21 23:00:00 - 2020-06-22 23:45:00).
2021-03-02 19:16:19,843 import_showers[ERROR] 969954: The time period of observation is too long (2020-06-21 23:00:00 - 2020-06-22 23:45:00).
2021-03-02 19:16:19,843 import_showers[ERROR] 969955: The time period of observation is too long (2020-06-21 23:00:00 - 2020-06-22 23:45:00).
2021-03-02 19:16:19,843 import_showers[ERROR] 969956: The observation has an incorrect time period (2020-06-22 23:45:00 - 2020-06-22 00:15:00).
2021-03-02 19:16:19,843 import_showers[ERROR] 969957: The observation has an incorrect time period (2020-06-22 23:45:00 - 2020-06-22 00:15:00).
2021-03-02 19:16:19,843 import_showers[ERROR] 969958: The observation has an incorrect time period (2020-06-22 23:45:00 - 2020-06-22 00:15:00).
2021-03-02 19:16:19,843 import_showers[ERROR] 969959: The observation has an incorrect time period (2020-06-22 23:45:00 - 2020-06-22 00:15:00).
2021-03-02 19:16:20,628 import_showers[INFO] Parsing of file data/Rate-2020.csv has finished.
2021-03-02 19:16:20,628 import_showers[INFO] Start parsing the data from file data/Session-2020.csv.
2021-03-02 19:16:20,648 import_showers[INFO] Parsing of file data/Session-2020.csv has finished.
2021-03-02 19:16:20,653 import_showers[INFO] Parsing of the files has finished. 34405 of 39583 records were imported.
